Using pre-set license
Built from '2021.1/staging' branch; Version is '2021.1.7f1 (d91830b65d9b) revision 14227504'; Using compiler version '192528614'; Build Type 'Release'
OS: 'Windows 10 Education; OS build 19043.1165; Version 2009; 64bit' Language: 'en' Physical Memory: 16247 MB
BatchMode: 1, IsHumanControllingUs: 0, StartBugReporterOnCrash: 0, Is64bit: 1, IsPro: 0

 COMMAND LINE ARGUMENTS:
C:\Program Files\Unity 2021.1.7f1\Editor\Unity.exe
-adb2
-batchMode
-noUpm
-name
AssetImportWorker0
-projectPath
D:/GameSim/UnityProjects/TileVania_Benjamin
-logFile
Logs/AssetImportWorker0.log
-srvPort
58995
Successfully changed project path to: D:/GameSim/UnityProjects/TileVania_Benjamin
D:/GameSim/UnityProjects/TileVania_Benjamin
Using Asset Import Pipeline V2.
Refreshing native plugins compatible for Editor in 89.27 ms, found 2 plugins.
Preloading 0 native plugins for Editor in 0.00 ms.
Initialize engine version: 2021.1.7f1 (d91830b65d9b)
[Subsystems] Discovering subsystems at path C:/Program Files/Unity 2021.1.7f1/Editor/Data/Resources/UnitySubsystems
[Subsystems] Discovering subsystems at path D:/GameSim/UnityProjects/TileVania_Benjamin/Assets
GfxDevice: creating device client; threaded=0; jobified=0
Direct3D:
    Version:  Direct3D 11.0 [level 11.1]
    Renderer: AMD Radeon R7 450 (ID=0x682b)
    Vendor:   ATI
    VRAM:     4076 MB
    Driver:   24.20.11020.3002
Initialize mono
Mono path[0] = 'C:/Program Files/Unity 2021.1.7f1/Editor/Data/Managed'
Mono path[1] = 'C:/Program Files/Unity 2021.1.7f1/Editor/Data/MonoBleedingEdge/lib/mono/unityjit'
Mono config path = 'C:/Program Files/Unity 2021.1.7f1/Editor/Data/MonoBleedingEdge/etc'
Using monoOptions --debugger-agent=transport=dt_socket,embedding=1,server=y,suspend=n,address=127.0.0.1:56864
Begin MonoManager ReloadAssembly
Registering precompiled unity dll's ...
Register platform support module: C:/Program Files/Unity 2021.1.7f1/Editor/Data/PlaybackEngines/WebGLSupport/UnityEditor.WebGL.Extensions.dll
Register platform support module: C:/Program Files/Unity 2021.1.7f1/Editor/Data/PlaybackEngines/WindowsStandaloneSupport/UnityEditor.WindowsStandalone.Extensions.dll
Registered in 0.001955 seconds.
Native extension for WindowsStandalone target not found
Native extension for WebGL target not found
Refreshing native plugins compatible for Editor in 97.30 ms, found 2 plugins.
Preloading 0 native plugins for Editor in 0.00 ms.
Mono: successfully reloaded assembly
- Completed reload, in  1.375 seconds
Platform modules already initialized, skipping
Registering precompiled user dll's ...
Registered in 0.002758 seconds.
Begin MonoManager ReloadAssembly
Symbol file LoadedFromMemory doesn't match image D:\GameSim\UnityProjects\TileVania_Benjamin\Library\PackageCache\com.unity.visualscripting@1.6.1\Editor\VisualScripting.Core\Dependencies\YamlDotNet\Unity.VisualScripting.YamlDotNet.dll
Symbol file LoadedFromMemory doesn't match image D:\GameSim\UnityProjects\TileVania_Benjamin\Library\PackageCache\com.unity.visualscripting@1.6.1\Editor\VisualScripting.Core\Dependencies\DotNetZip\Unity.VisualScripting.IonicZip.dll
Native extension for WindowsStandalone target not found
Native extension for WebGL target not found
Refreshing native plugins compatible for Editor in 98.82 ms, found 2 plugins.
Preloading 0 native plugins for Editor in 0.00 ms.
Mono: successfully reloaded assembly
- Completed reload, in  1.118 seconds
Platform modules already initialized, skipping
========================================================================
Worker process is ready to serve import requests
Launched and connected shader compiler UnityShaderCompiler.exe after 0.04 seconds
Refreshing native plugins compatible for Editor in 0.63 ms, found 2 plugins.
Preloading 0 native plugins for Editor in 0.00 ms.
Unloading 3578 Unused Serialized files (Serialized files now loaded: 0)
System memory in use before: 226.4 MB.
System memory in use after: 226.5 MB.

Unloading 29 unused Assets to reduce memory usage. Loaded Objects now: 4054.
Total: 2.311700 ms (FindLiveObjects: 0.249100 ms CreateObjectMapping: 0.157700 ms MarkObjects: 1.783000 ms  DeleteObjects: 0.121000 ms)

========================================================================
Received Import Request.
  path: Assets/Prefabs/ConsoleWindow.prefab
  artifactKey: Guid(d16d34f91ce5260419ddc9dbdebfe107) Importer(815301076,1909f56bfc062723c751e8b465ee728b)
Start importing Assets/Prefabs/ConsoleWindow.prefab using Guid(d16d34f91ce5260419ddc9dbdebfe107) Importer(815301076,1909f56bfc062723c751e8b465ee728b)  -> (artifact id: '2f6e4fc912772e95da474f1fbd3115e5') in 0.080592 seconds 
========================================================================
Received Prepare
Registering precompiled user dll's ...
Registered in 0.002754 seconds.
Begin MonoManager ReloadAssembly
Symbol file LoadedFromMemory doesn't match image D:\GameSim\UnityProjects\TileVania_Benjamin\Library\PackageCache\com.unity.visualscripting@1.6.1\Editor\VisualScripting.Core\Dependencies\YamlDotNet\Unity.VisualScripting.YamlDotNet.dll
Symbol file LoadedFromMemory doesn't match image D:\GameSim\UnityProjects\TileVania_Benjamin\Library\PackageCache\com.unity.visualscripting@1.6.1\Editor\VisualScripting.Core\Dependencies\DotNetZip\Unity.VisualScripting.IonicZip.dll
Native extension for WindowsStandalone target not found
Native extension for WebGL target not found
Refreshing native plugins compatible for Editor in 0.63 ms, found 2 plugins.
Preloading 0 native plugins for Editor in 0.00 ms.
Mono: successfully reloaded assembly
- Completed reload, in  0.879 seconds
Platform modules already initialized, skipping
Refreshing native plugins compatible for Editor in 0.63 ms, found 2 plugins.
Preloading 0 native plugins for Editor in 0.00 ms.
Unloading 3570 Unused Serialized files (Serialized files now loaded: 0)
System memory in use before: 226.3 MB.
System memory in use after: 226.4 MB.

Unloading 18 unused Assets to reduce memory usage. Loaded Objects now: 4060.
Total: 2.246200 ms (FindLiveObjects: 0.257900 ms CreateObjectMapping: 0.177300 ms MarkObjects: 1.709600 ms  DeleteObjects: 0.100700 ms)

========================================================================
Received Import Request.
  Time since last request: 1214.202651 seconds.
  path: Assets/Sprites&Tiles/Sprites/marioStar.png
  artifactKey: Guid(97a08664397cadf4fa0e5a4a31d19694) Importer(815301076,1909f56bfc062723c751e8b465ee728b)
Start importing Assets/Sprites&Tiles/Sprites/marioStar.png using Guid(97a08664397cadf4fa0e5a4a31d19694) Importer(815301076,1909f56bfc062723c751e8b465ee728b)  -> (artifact id: '27495c9b4adf8d5931415e914662443f') in 0.128070 seconds 
========================================================================
Received Import Request.
  Time since last request: 4.444011 seconds.
  path: Assets/Sprites&Tiles/Sprites/marioStar.png
  artifactKey: Guid(97a08664397cadf4fa0e5a4a31d19694) Importer(815301076,1909f56bfc062723c751e8b465ee728b)
Start importing Assets/Sprites&Tiles/Sprites/marioStar.png using Guid(97a08664397cadf4fa0e5a4a31d19694) Importer(815301076,1909f56bfc062723c751e8b465ee728b)  -> (artifact id: '365bc8451618e77f04be9dd1353383c4') in 0.046484 seconds 
========================================================================
Received Import Request.
  Time since last request: 138.642697 seconds.
  path: Assets/Scripts/StarScript.cs
  artifactKey: Guid(16c8aea53cac03c4d986ffa9002443b6) Importer(815301076,1909f56bfc062723c751e8b465ee728b)
Start importing Assets/Scripts/StarScript.cs using Guid(16c8aea53cac03c4d986ffa9002443b6) Importer(815301076,1909f56bfc062723c751e8b465ee728b)  -> (artifact id: 'def4e045b44e452daa047f079eea2cc4') in 0.030722 seconds 
========================================================================
Received Prepare
Registering precompiled user dll's ...
Registered in 0.002737 seconds.
Begin MonoManager ReloadAssembly
Symbol file LoadedFromMemory doesn't match image D:\GameSim\UnityProjects\TileVania_Benjamin\Library\PackageCache\com.unity.visualscripting@1.6.1\Editor\VisualScripting.Core\Dependencies\YamlDotNet\Unity.VisualScripting.YamlDotNet.dll
Symbol file LoadedFromMemory doesn't match image D:\GameSim\UnityProjects\TileVania_Benjamin\Library\PackageCache\com.unity.visualscripting@1.6.1\Editor\VisualScripting.Core\Dependencies\DotNetZip\Unity.VisualScripting.IonicZip.dll
Native extension for WindowsStandalone target not found
Native extension for WebGL target not found
Refreshing native plugins compatible for Editor in 1.21 ms, found 2 plugins.
Preloading 0 native plugins for Editor in 0.00 ms.
Mono: successfully reloaded assembly
- Completed reload, in  2.156 seconds
Platform modules already initialized, skipping
Refreshing native plugins compatible for Editor in 0.69 ms, found 2 plugins.
Preloading 0 native plugins for Editor in 0.00 ms.
Unloading 3572 Unused Serialized files (Serialized files now loaded: 0)
System memory in use before: 231.3 MB.
System memory in use after: 231.4 MB.

Unloading 17 unused Assets to reduce memory usage. Loaded Objects now: 4100.
Total: 4.513200 ms (FindLiveObjects: 0.427400 ms CreateObjectMapping: 0.237700 ms MarkObjects: 3.386900 ms  DeleteObjects: 0.459700 ms)

========================================================================
Received Prepare
Registering precompiled user dll's ...
Registered in 0.002546 seconds.
Begin MonoManager ReloadAssembly
Symbol file LoadedFromMemory doesn't match image D:\GameSim\UnityProjects\TileVania_Benjamin\Library\PackageCache\com.unity.visualscripting@1.6.1\Editor\VisualScripting.Core\Dependencies\YamlDotNet\Unity.VisualScripting.YamlDotNet.dll
Symbol file LoadedFromMemory doesn't match image D:\GameSim\UnityProjects\TileVania_Benjamin\Library\PackageCache\com.unity.visualscripting@1.6.1\Editor\VisualScripting.Core\Dependencies\DotNetZip\Unity.VisualScripting.IonicZip.dll
Native extension for WindowsStandalone target not found
Native extension for WebGL target not found
Refreshing native plugins compatible for Editor in 1.06 ms, found 2 plugins.
Preloading 0 native plugins for Editor in 0.00 ms.
Mono: successfully reloaded assembly
- Completed reload, in  0.928 seconds
Platform modules already initialized, skipping
Refreshing native plugins compatible for Editor in 0.63 ms, found 2 plugins.
Preloading 0 native plugins for Editor in 0.00 ms.
Unloading 3571 Unused Serialized files (Serialized files now loaded: 0)
System memory in use before: 231.3 MB.
System memory in use after: 231.4 MB.

Unloading 17 unused Assets to reduce memory usage. Loaded Objects now: 4104.
Total: 2.285600 ms (FindLiveObjects: 0.246700 ms CreateObjectMapping: 0.161900 ms MarkObjects: 1.775300 ms  DeleteObjects: 0.100700 ms)

AssetImportWorkerClient::OnTransportError - code=2 error=End of file
